Created by PLY version 3.11 (http://www.dabeaz.com/ply)

Grammar

Rule 0     S' -> statement
Rule 1     statement -> ATTRIBUTE DATE
Rule 2     statement -> ATTRIBUTE ATTRIBUTE DATE
Rule 3     statement -> MEASURE ATTRIBUTE DATE
Rule 4     statement -> ATTRIBUTE DATE DATE
Rule 5     statement -> ATTRIBUTE ATTRIBUTE DATE DATE
Rule 6     statement -> MEASURE ATTRIBUTE DATE DATE
Rule 7     statement -> MEASURE TOKEN
Rule 8     statement -> ATTRIBUTE TOKEN
Rule 9     statement -> TOKEN MEASURE
Rule 10    statement -> TOKEN ATTRIBUTE
Rule 11    statement -> MEASURE TOKEN EXCLUDE
Rule 12    statement -> ATTRIBUTE TOKEN EXCLUDE
Rule 13    statement -> MEASURE EXCLUDE TOKEN
Rule 14    statement -> ATTRIBUTE EXCLUDE TOKEN
Rule 15    statement -> EXCLUDE MEASURE TOKEN
Rule 16    statement -> EXCLUDE ATTRIBUTE TOKEN
Rule 17    statement -> MEASURE EXCLUDE ATTRIBUTE TOKEN
Rule 18    statement -> ATTRIBUTE EXCLUDE MEASURE TOKEN
Rule 19    statement -> ATTRIBUTE EXCLUDE ATTRIBUTE TOKEN
Rule 20    statement -> MEASURE EXCLUDE MEASURE TOKEN
Rule 21    statement -> ATTRIBUTE TOKEN MEASURE
Rule 22    statement -> MEASURE TOKEN ATTRIBUTE
Rule 23    statement -> ATTRIBUTE TOKEN ATTRIBUTE
Rule 24    statement -> ATTRIBUTE MEASURE TOKEN
Rule 25    statement -> MEASURE ATTRIBUTE TOKEN
Rule 26    statement -> ATTRIBUTE ATTRIBUTE TOKEN
Rule 27    statement -> ATTRIBUTE TOKEN MEASURE TOKEN
Rule 28    statement -> MEASURE TOKEN ATTRIBUTE TOKEN
Rule 29    statement -> ATTRIBUTE TOKEN ATTRIBUTE TOKEN
Rule 30    statement -> ATTRIBUTE COMPARE MEASURE
Rule 31    statement -> MEASURE COMPARE ATTRIBUTE
Rule 32    statement -> ATTRIBUTE COMPARE ATTRIBUTE

Terminals, with rules where they appear

ATTRIBUTE            : 1 2 2 3 4 5 5 6 8 10 12 14 16 17 18 19 19 21 22 23 23 24 25 26 26 27 28 29 29 30 31 32 32
COMPARE              : 30 31 32
DATE                 : 1 2 3 4 4 5 5 6 6
EXCLUDE              : 11 12 13 14 15 16 17 18 19 20
MEASURE              : 3 6 7 9 11 13 15 17 18 20 20 21 22 24 25 27 28 30 31
TOKEN                : 7 8 9 10 11 12 13 14 15 16 17 18 19 20 21 22 23 24 25 26 27 27 28 28 29 29
error                : 

Nonterminals, with rules where they appear

statement            : 0

Parsing method: LALR

state 0

    (0) S' -> . statement
    (1) statement -> . ATTRIBUTE DATE
    (2) statement -> . ATTRIBUTE ATTRIBUTE DATE
    (3) statement -> . MEASURE ATTRIBUTE DATE
    (4) statement -> . ATTRIBUTE DATE DATE
    (5) statement -> . ATTRIBUTE ATTRIBUTE DATE DATE
    (6) statement -> . MEASURE ATTRIBUTE DATE DATE
    (7) statement -> . MEASURE TOKEN
    (8) statement -> . ATTRIBUTE TOKEN
    (9) statement -> . TOKEN MEASURE
    (10) statement -> . TOKEN ATTRIBUTE
    (11) statement -> . MEASURE TOKEN EXCLUDE
    (12) statement -> . ATTRIBUTE TOKEN EXCLUDE
    (13) statement -> . MEASURE EXCLUDE TOKEN
    (14) statement -> . ATTRIBUTE EXCLUDE TOKEN
    (15) statement -> . EXCLUDE MEASURE TOKEN
    (16) statement -> . EXCLUDE ATTRIBUTE TOKEN
    (17) statement -> . MEASURE EXCLUDE ATTRIBUTE TOKEN
    (18) statement -> . ATTRIBUTE EXCLUDE MEASURE TOKEN
    (19) statement -> . ATTRIBUTE EXCLUDE ATTRIBUTE TOKEN
    (20) statement -> . MEASURE EXCLUDE MEASURE TOKEN
    (21) statement -> . ATTRIBUTE TOKEN MEASURE
    (22) statement -> . MEASURE TOKEN ATTRIBUTE
    (23) statement -> . ATTRIBUTE TOKEN ATTRIBUTE
    (24) statement -> . ATTRIBUTE MEASURE TOKEN
    (25) statement -> . MEASURE ATTRIBUTE TOKEN
    (26) statement -> . ATTRIBUTE ATTRIBUTE TOKEN
    (27) statement -> . ATTRIBUTE TOKEN MEASURE TOKEN
    (28) statement -> . MEASURE TOKEN ATTRIBUTE TOKEN
    (29) statement -> . ATTRIBUTE TOKEN ATTRIBUTE TOKEN
    (30) statement -> . ATTRIBUTE COMPARE MEASURE
    (31) statement -> . MEASURE COMPARE ATTRIBUTE
    (32) statement -> . ATTRIBUTE COMPARE ATTRIBUTE

    ATTRIBUTE       shift and go to state 1
    MEASURE         shift and go to state 4
    TOKEN           shift and go to state 2
    EXCLUDE         shift and go to state 5

    statement                      shift and go to state 3

state 1

    (1) statement -> ATTRIBUTE . DATE
    (2) statement -> ATTRIBUTE . ATTRIBUTE DATE
    (4) statement -> ATTRIBUTE . DATE DATE
    (5) statement -> ATTRIBUTE . ATTRIBUTE DATE DATE
    (8) statement -> ATTRIBUTE . TOKEN
    (12) statement -> ATTRIBUTE . TOKEN EXCLUDE
    (14) statement -> ATTRIBUTE . EXCLUDE TOKEN
    (18) statement -> ATTRIBUTE . EXCLUDE MEASURE TOKEN
    (19) statement -> ATTRIBUTE . EXCLUDE ATTRIBUTE TOKEN
    (21) statement -> ATTRIBUTE . TOKEN MEASURE
    (23) statement -> ATTRIBUTE . TOKEN ATTRIBUTE
    (24) statement -> ATTRIBUTE . MEASURE TOKEN
    (26) statement -> ATTRIBUTE . ATTRIBUTE TOKEN
    (27) statement -> ATTRIBUTE . TOKEN MEASURE TOKEN
    (29) statement -> ATTRIBUTE . TOKEN ATTRIBUTE TOKEN
    (30) statement -> ATTRIBUTE . COMPARE MEASURE
    (32) statement -> ATTRIBUTE . COMPARE ATTRIBUTE

    DATE            shift and go to state 10
    ATTRIBUTE       shift and go to state 7
    TOKEN           shift and go to state 8
    EXCLUDE         shift and go to state 11
    MEASURE         shift and go to state 9
    COMPARE         shift and go to state 6


state 2

    (9) statement -> TOKEN . MEASURE
    (10) statement -> TOKEN . ATTRIBUTE

    MEASURE         shift and go to state 13
    ATTRIBUTE       shift and go to state 12


state 3

    (0) S' -> statement .



state 4

    (3) statement -> MEASURE . ATTRIBUTE DATE
    (6) statement -> MEASURE . ATTRIBUTE DATE DATE
    (7) statement -> MEASURE . TOKEN
    (11) statement -> MEASURE . TOKEN EXCLUDE
    (13) statement -> MEASURE . EXCLUDE TOKEN
    (17) statement -> MEASURE . EXCLUDE ATTRIBUTE TOKEN
    (20) statement -> MEASURE . EXCLUDE MEASURE TOKEN
    (22) statement -> MEASURE . TOKEN ATTRIBUTE
    (25) statement -> MEASURE . ATTRIBUTE TOKEN
    (28) statement -> MEASURE . TOKEN ATTRIBUTE TOKEN
    (31) statement -> MEASURE . COMPARE ATTRIBUTE

    ATTRIBUTE       shift and go to state 15
    TOKEN           shift and go to state 16
    EXCLUDE         shift and go to state 17
    COMPARE         shift and go to state 14


state 5

    (15) statement -> EXCLUDE . MEASURE TOKEN
    (16) statement -> EXCLUDE . ATTRIBUTE TOKEN

    MEASURE         shift and go to state 19
    ATTRIBUTE       shift and go to state 18


state 6

    (30) statement -> ATTRIBUTE COMPARE . MEASURE
    (32) statement -> ATTRIBUTE COMPARE . ATTRIBUTE

    MEASURE         shift and go to state 21
    ATTRIBUTE       shift and go to state 20


state 7

    (2) statement -> ATTRIBUTE ATTRIBUTE . DATE
    (5) statement -> ATTRIBUTE ATTRIBUTE . DATE DATE
    (26) statement -> ATTRIBUTE ATTRIBUTE . TOKEN

    DATE            shift and go to state 22
    TOKEN           shift and go to state 23


state 8

    (8) statement -> ATTRIBUTE TOKEN .
    (12) statement -> ATTRIBUTE TOKEN . EXCLUDE
    (21) statement -> ATTRIBUTE TOKEN . MEASURE
    (23) statement -> ATTRIBUTE TOKEN . ATTRIBUTE
    (27) statement -> ATTRIBUTE TOKEN . MEASURE TOKEN
    (29) statement -> ATTRIBUTE TOKEN . ATTRIBUTE TOKEN

    $end            reduce using rule 8 (statement -> ATTRIBUTE TOKEN .)
    EXCLUDE         shift and go to state 26
    MEASURE         shift and go to state 25
    ATTRIBUTE       shift and go to state 24


state 9

    (24) statement -> ATTRIBUTE MEASURE . TOKEN

    TOKEN           shift and go to state 27


state 10

    (1) statement -> ATTRIBUTE DATE .
    (4) statement -> ATTRIBUTE DATE . DATE

    $end            reduce using rule 1 (statement -> ATTRIBUTE DATE .)
    DATE            shift and go to state 28


state 11

    (14) statement -> ATTRIBUTE EXCLUDE . TOKEN
    (18) statement -> ATTRIBUTE EXCLUDE . MEASURE TOKEN
    (19) statement -> ATTRIBUTE EXCLUDE . ATTRIBUTE TOKEN

    TOKEN           shift and go to state 30
    MEASURE         shift and go to state 31
    ATTRIBUTE       shift and go to state 29


state 12

    (10) statement -> TOKEN ATTRIBUTE .

    $end            reduce using rule 10 (statement -> TOKEN ATTRIBUTE .)


state 13

    (9) statement -> TOKEN MEASURE .

    $end            reduce using rule 9 (statement -> TOKEN MEASURE .)


state 14

    (31) statement -> MEASURE COMPARE . ATTRIBUTE

    ATTRIBUTE       shift and go to state 32


state 15

    (3) statement -> MEASURE ATTRIBUTE . DATE
    (6) statement -> MEASURE ATTRIBUTE . DATE DATE
    (25) statement -> MEASURE ATTRIBUTE . TOKEN

    DATE            shift and go to state 33
    TOKEN           shift and go to state 34


state 16

    (7) statement -> MEASURE TOKEN .
    (11) statement -> MEASURE TOKEN . EXCLUDE
    (22) statement -> MEASURE TOKEN . ATTRIBUTE
    (28) statement -> MEASURE TOKEN . ATTRIBUTE TOKEN

    $end            reduce using rule 7 (statement -> MEASURE TOKEN .)
    EXCLUDE         shift and go to state 35
    ATTRIBUTE       shift and go to state 36


state 17

    (13) statement -> MEASURE EXCLUDE . TOKEN
    (17) statement -> MEASURE EXCLUDE . ATTRIBUTE TOKEN
    (20) statement -> MEASURE EXCLUDE . MEASURE TOKEN

    TOKEN           shift and go to state 37
    ATTRIBUTE       shift and go to state 38
    MEASURE         shift and go to state 39


state 18

    (16) statement -> EXCLUDE ATTRIBUTE . TOKEN

    TOKEN           shift and go to state 40


state 19

    (15) statement -> EXCLUDE MEASURE . TOKEN

    TOKEN           shift and go to state 41


state 20

    (32) statement -> ATTRIBUTE COMPARE ATTRIBUTE .

    $end            reduce using rule 32 (statement -> ATTRIBUTE COMPARE ATTRIBUTE .)


state 21

    (30) statement -> ATTRIBUTE COMPARE MEASURE .

    $end            reduce using rule 30 (statement -> ATTRIBUTE COMPARE MEASURE .)


state 22

    (2) statement -> ATTRIBUTE ATTRIBUTE DATE .
    (5) statement -> ATTRIBUTE ATTRIBUTE DATE . DATE

    $end            reduce using rule 2 (statement -> ATTRIBUTE ATTRIBUTE DATE .)
    DATE            shift and go to state 42


state 23

    (26) statement -> ATTRIBUTE ATTRIBUTE TOKEN .

    $end            reduce using rule 26 (statement -> ATTRIBUTE ATTRIBUTE TOKEN .)


state 24

    (23) statement -> ATTRIBUTE TOKEN ATTRIBUTE .
    (29) statement -> ATTRIBUTE TOKEN ATTRIBUTE . TOKEN

    $end            reduce using rule 23 (statement -> ATTRIBUTE TOKEN ATTRIBUTE .)
    TOKEN           shift and go to state 43


state 25

    (21) statement -> ATTRIBUTE TOKEN MEASURE .
    (27) statement -> ATTRIBUTE TOKEN MEASURE . TOKEN

    $end            reduce using rule 21 (statement -> ATTRIBUTE TOKEN MEASURE .)
    TOKEN           shift and go to state 44


state 26

    (12) statement -> ATTRIBUTE TOKEN EXCLUDE .

    $end            reduce using rule 12 (statement -> ATTRIBUTE TOKEN EXCLUDE .)


state 27

    (24) statement -> ATTRIBUTE MEASURE TOKEN .

    $end            reduce using rule 24 (statement -> ATTRIBUTE MEASURE TOKEN .)


state 28

    (4) statement -> ATTRIBUTE DATE DATE .

    $end            reduce using rule 4 (statement -> ATTRIBUTE DATE DATE .)


state 29

    (19) statement -> ATTRIBUTE EXCLUDE ATTRIBUTE . TOKEN

    TOKEN           shift and go to state 45


state 30

    (14) statement -> ATTRIBUTE EXCLUDE TOKEN .

    $end            reduce using rule 14 (statement -> ATTRIBUTE EXCLUDE TOKEN .)


state 31

    (18) statement -> ATTRIBUTE EXCLUDE MEASURE . TOKEN

    TOKEN           shift and go to state 46


state 32

    (31) statement -> MEASURE COMPARE ATTRIBUTE .

    $end            reduce using rule 31 (statement -> MEASURE COMPARE ATTRIBUTE .)


state 33

    (3) statement -> MEASURE ATTRIBUTE DATE .
    (6) statement -> MEASURE ATTRIBUTE DATE . DATE

    $end            reduce using rule 3 (statement -> MEASURE ATTRIBUTE DATE .)
    DATE            shift and go to state 47


state 34

    (25) statement -> MEASURE ATTRIBUTE TOKEN .

    $end            reduce using rule 25 (statement -> MEASURE ATTRIBUTE TOKEN .)


state 35

    (11) statement -> MEASURE TOKEN EXCLUDE .

    $end            reduce using rule 11 (statement -> MEASURE TOKEN EXCLUDE .)


state 36

    (22) statement -> MEASURE TOKEN ATTRIBUTE .
    (28) statement -> MEASURE TOKEN ATTRIBUTE . TOKEN

    $end            reduce using rule 22 (statement -> MEASURE TOKEN ATTRIBUTE .)
    TOKEN           shift and go to state 48


state 37

    (13) statement -> MEASURE EXCLUDE TOKEN .

    $end            reduce using rule 13 (statement -> MEASURE EXCLUDE TOKEN .)


state 38

    (17) statement -> MEASURE EXCLUDE ATTRIBUTE . TOKEN

    TOKEN           shift and go to state 49


state 39

    (20) statement -> MEASURE EXCLUDE MEASURE . TOKEN

    TOKEN           shift and go to state 50


state 40

    (16) statement -> EXCLUDE ATTRIBUTE TOKEN .

    $end            reduce using rule 16 (statement -> EXCLUDE ATTRIBUTE TOKEN .)


state 41

    (15) statement -> EXCLUDE MEASURE TOKEN .

    $end            reduce using rule 15 (statement -> EXCLUDE MEASURE TOKEN .)


state 42

    (5) statement -> ATTRIBUTE ATTRIBUTE DATE DATE .

    $end            reduce using rule 5 (statement -> ATTRIBUTE ATTRIBUTE DATE DATE .)


state 43

    (29) statement -> ATTRIBUTE TOKEN ATTRIBUTE TOKEN .

    $end            reduce using rule 29 (statement -> ATTRIBUTE TOKEN ATTRIBUTE TOKEN .)


state 44

    (27) statement -> ATTRIBUTE TOKEN MEASURE TOKEN .

    $end            reduce using rule 27 (statement -> ATTRIBUTE TOKEN MEASURE TOKEN .)


state 45

    (19) statement -> ATTRIBUTE EXCLUDE ATTRIBUTE TOKEN .

    $end            reduce using rule 19 (statement -> ATTRIBUTE EXCLUDE ATTRIBUTE TOKEN .)


state 46

    (18) statement -> ATTRIBUTE EXCLUDE MEASURE TOKEN .

    $end            reduce using rule 18 (statement -> ATTRIBUTE EXCLUDE MEASURE TOKEN .)


state 47

    (6) statement -> MEASURE ATTRIBUTE DATE DATE .

    $end            reduce using rule 6 (statement -> MEASURE ATTRIBUTE DATE DATE .)


state 48

    (28) statement -> MEASURE TOKEN ATTRIBUTE TOKEN .

    $end            reduce using rule 28 (statement -> MEASURE TOKEN ATTRIBUTE TOKEN .)


state 49

    (17) statement -> MEASURE EXCLUDE ATTRIBUTE TOKEN .

    $end            reduce using rule 17 (statement -> MEASURE EXCLUDE ATTRIBUTE TOKEN .)


state 50

    (20) statement -> MEASURE EXCLUDE MEASURE TOKEN .

    $end            reduce using rule 20 (statement -> MEASURE EXCLUDE MEASURE TOKEN .)

